make all --print-data-base --no-builtin-variables --no-builtin-rules --question
make: *** No rule to make target 'all'.  Stop.

# GNU Make 4.1
# Built for x86_64-pc-linux-gnu
# Copyright (C) 1988-2014 Free Software Foundation, Inc.
# License GPLv3+: GNU GPL version 3 or later <http://gnu.org/licenses/gpl.html>
# This is free software: you are free to change and redistribute it.
# There is NO WARRANTY, to the extent permitted by law.

# Make data base, printed on Thu Apr 14 02:12:41 2022

# Variables

# automatic
<D = $(patsubst %/,%,$(dir $<))
# automatic
?F = $(notdir $?)
# default
.SHELLFLAGS := -c
# environment
VSCODE_AGENT_FOLDER = /home/jrtx/.vscode-server
# environment
VSCODE_LOG_NATIVE = false
# automatic
?D = $(patsubst %/,%,$(dir $?))
# makefile (from 'Makefile', line 29)
CPPFLAGS := -I./src -MMD -MP
# automatic
@D = $(patsubst %/,%,$(dir $@))
# automatic
@F = $(notdir $@)
# default
MAKE_VERSION := 4.1
# makefile
CURDIR := /home/jrtx/workspace/bin2hex
# makefile
SHELL = /bin/sh
# environment
VSCODE_NLS_CONFIG = {"locale":"en","availableLanguages":{}}
# environment
_ = /home/jrtx/.vscode-server/bin/dfd34e8260c270da74b5c2d86d61aee4b6d56977/node
# makefile (from 'Makefile', line 32)
CFLAGS = -g
# makefile (from 'Makefile', line 23)
INC_DIRS := ./src
# makefile (from 'build/./src/main.c.d', line 1)
MAKEFILE_LIST :=  Makefile build/./src/bin2hex.c.d build/./src/main.c.d
# 'override' directive
GNUMAKEFLAGS := 
# makefile (from 'Makefile', line 33)
CXXFLAGS = -g
# environment
XDG_DATA_DIRS = /usr/local/share:/usr/share:/var/lib/snapd/desktop
# environment
DBUS_SESSION_BUS_ADDRESS = unix:path=/run/user/1000/bus
# environment
VSCODE_VERBOSE_LOGGING = true
# makefile (from 'Makefile', line 16)
OBJS := ./build/./src/bin2hex.c.o ./build/./src/main.c.o
# environment
LESSOPEN = | /usr/bin/lesspipe %s
# environment
VSCODE_CWD = /home/jrtx
# environment
SSH_CONNECTION = 192.168.96.1 53434 192.168.96.227 22
# environment
PATH = /home/jrtx/.vscode-server/bin/dfd34e8260c270da74b5c2d86d61aee4b6d56977/bin/remote-cli:/usr/local/sbin:/usr/local/bin:/usr/sbin:/usr/bin:/sbin:/bin:/usr/games:/usr/local/games:/snap/bin
# environment
XDG_RUNTIME_DIR = /run/user/1000
# environment
VSCODE_LOG_STACK = false
# default
.FEATURES := target-specific order-only second-expansion else-if shortest-stem undefine oneshell archives jobserver output-sync check-symlink load
# environment
LS_COLORS = 
# automatic
%F = $(notdir $%)
# environment
VSCODE_PIPE_LOGGING = true
# environment
PWD = /home/jrtx/workspace/bin2hex
# makefile (from 'Makefile', line 25)
INC_FLAGS := -I./src
# environment
VSCODE_IPC_HOOK_CLI = /run/user/1000/vscode-ipc-798b8c2a-3833-4b1d-b786-043887bc1cbd.sock
# automatic
*D = $(patsubst %/,%,$(dir $*))
# makefile (from 'Makefile', line 4)
SRC_DIRS := ./src
# environment
VSCODE_AMD_ENTRYPOINT = vs/workbench/api/node/extensionHostProcess
# environment
HOME = /home/jrtx
# environment
LESSCLOSE = /usr/bin/lesspipe %s %s
# environment
LOGNAME = jrtx
# environment
APPLICATION_INSIGHTS_NO_DIAGNOSTIC_CHANNEL = 1
# automatic
+F = $(notdir $+)
# environment
VSCODE_HANDLES_UNCAUGHT_ERRORS = true
# automatic
^D = $(patsubst %/,%,$(dir $^))
# makefile (from 'Makefile', line 1)
TARGET_EXEC := bin2hex
# environment
MAKELEVEL := 0
# default
MAKE = $(MAKE_COMMAND)
# default
MAKECMDGOALS := all
# makefile (from 'Makefile', line 12)
SRCS := ./src/bin2hex.c ./src/main.c
# environment
SHLVL = 3
# makefile (from 'Makefile', line 7)
CC = gcc
# makefile (from 'Makefile', line 3)
BUILD_DIR := ./build
# environment
XDG_SESSION_ID = 53
# environment
USER = jrtx
# makefile
.DEFAULT_GOAL := build/bin2hex
# automatic
%D = $(patsubst %/,%,$(dir $%))
# default
MAKE_COMMAND := make
# default
.VARIABLES := 
# automatic
*F = $(notdir $*)
# makefile
MAKEFLAGS = pqrR
# environment
MFLAGS = -pqrR
# environment
SSH_CLIENT = 192.168.96.1 53434 22
# environment
MAIL = /var/mail/jrtx
# automatic
+D = $(patsubst %/,%,$(dir $+))
# environment
BROWSER = /home/jrtx/.vscode-server/bin/dfd34e8260c270da74b5c2d86d61aee4b6d56977/bin/helpers/browser.sh
# default
MAKEFILES := 
# automatic
<F = $(notdir $<)
# makefile (from 'Makefile', line 8)
CXX = g++
# environment
LC_ALL = C
# automatic
^F = $(notdir $^)
# makefile (from 'Makefile', line 20)
DEPS := ./build/./src/bin2hex.c.d ./build/./src/main.c.d
# default
SUFFIXES := 
# default
.INCLUDE_DIRS = /usr/include /usr/local/include /usr/include
# default
.RECIPEPREFIX := 
# default
MAKE_HOST := x86_64-pc-linux-gnu
# environment
LANG = C
# environment
VSCODE_EXTHOST_WILL_SEND_SOCKET = true
# variable set hash-table stats:
# Load=79/1024=8%, Rehash=0, Collisions=15/129=12%

# Pattern-specific Variable Values

# No pattern-specific variable values.

# Directories

# . (device 64768, inode 393231): 11 files, no impossibilities.

# 11 files, no impossibilities in 1 directories.

# Implicit Rules

build/%.c.o: %.c
#  recipe to execute (from 'Makefile', line 41):
	mkdir -p $(dir $@)
	$(CC) $(CPPFLAGS) $(CFLAGS) -c $< -o $@

build/%.cpp.o: %.cpp
#  recipe to execute (from 'Makefile', line 46):
	mkdir -p $(dir $@)
	$(CXX) $(CPPFLAGS) $(CXXFLAGS) -c $< -o $@

# 2 implicit rules, 0 (0.0%) terminal.

# Files

build/./src/bin2hex.c.o: src/bin2hex.c src/bin2hex.h
#  Implicit rule search has not been done.
#  Modification time never checked.
#  File has not been updated.

# Not a target:
all:
#  Command line target.
#  Implicit rule search has been done.
#  File does not exist.
#  File has not been updated.

.PHONY: clean
#  Implicit rule search has not been done.
#  Modification time never checked.
#  File has not been updated.

build/./src/main.c.o: src/main.c src/bin2hex.h
#  Implicit rule search has not been done.
#  Modification time never checked.
#  File has not been updated.

# Not a target:
Makefile:
#  Implicit rule search has been done.
#  Last modified 2022-04-14 02:12:32.298196268
#  File has been updated.
#  Successfully updated.

# Not a target:
src/bin2hex.c:
#  Implicit rule search has not been done.
#  Modification time never checked.
#  File has not been updated.

# Not a target:
src/main.c:
#  Implicit rule search has not been done.
#  Modification time never checked.
#  File has not been updated.

src/bin2hex.h:
#  Implicit rule search has not been done.
#  Modification time never checked.
#  File has not been updated.

# Not a target:
.DEFAULT:
#  Implicit rule search has not been done.
#  Modification time never checked.
#  File has not been updated.

clean:
#  Phony target (prerequisite of .PHONY).
#  Implicit rule search has not been done.
#  File does not exist.
#  File has not been updated.
#  recipe to execute (from 'Makefile', line 51):
	rm -r $(BUILD_DIR)

# Not a target:
build/./src/bin2hex.c.d:
#  Implicit rule search has been done.
#  Last modified 2022-04-13 09:07:17.313483931
#  File has been updated.
#  Successfully updated.

# Not a target:
build/./src/main.c.d:
#  Implicit rule search has been done.
#  Last modified 2022-04-13 09:07:17.337484393
#  File has been updated.
#  Successfully updated.

build/bin2hex: build/./src/bin2hex.c.o build/./src/main.c.o
#  Implicit rule search has not been done.
#  Modification time never checked.
#  File has not been updated.
#  recipe to execute (from 'Makefile', line 37):
	$(CC) $(OBJS) -o $@ $(LDFLAGS)

# files hash-table stats:
# Load=14/1024=1%, Rehash=0, Collisions=0/38=0%
# VPATH Search Paths

 
# No 'vpath' search paths.

# No general ('VPATH' variable) search path.

# strcache buffers: 1 (0) / strings = 30 / storage = 322 B / avg = 10 B
# current buf: size = 8162 B / used = 322 B / count = 30 / avg = 10 B

# strcache performance: lookups = 49 / hit rate = 38%
# hash-table stats:
# Load=30/8192=0%, Rehash=0, Collisions=1/49=2%
# Finished Make data base on Thu Apr 14 02:12:41 2022

 
